2019-11-23 10:08:55,944 [localhost-startStop-1] INFO  org.springframework.web.servlet.FrameworkServlet (FrameworkServlet.java:489) - FrameworkServlet 'dispatcherServlet': initialization started
2019-11-23 10:08:56,002 [localhost-startStop-1] INFO  org.springframework.context.support.AbstractApplicationContext (AbstractApplicationContext.java:578) - Refreshing WebApplicationContext for namespace 'dispatcherServlet-servlet': startup date [Sat Nov 23 10:08:55 CST 2019]; root of context hierarchy
2019-11-23 10:08:56,084 [localhost-startStop-1] INFO  org.springframework.beans.factory.xml.XmlBeanDefinitionReader (XmlBeanDefinitionReader.java:317) - Loading XML bean definitions from class path resource [spring/springmvc.xml]
2019-11-23 10:08:57,756 [localhost-startStop-1] INFO  ? (?:?) - using logger: com.alibaba.dubbo.common.logger.log4j.Log4jLoggerAdapter
2019-11-23 10:08:58,093 [localhost-startStop-1] INFO  org.springframework.core.io.support.PropertiesLoaderSupport (PropertiesLoaderSupport.java:172) - Loading properties file from class path resource [resource/resource.properties]
2019-11-23 10:08:58,118 [localhost-startStop-1] INFO  org.springframework.beans.factory.annotation.AutowiredAnnotationBeanPostProcessor (AutowiredAnnotationBeanPostProcessor.java:153) - JSR-330 'javax.inject.Inject' annotation found and supported for autowiring
2019-11-23 10:08:58,485 [localhost-startStop-1] INFO  org.springframework.web.servlet.handler.AbstractHandlerMethodMapping$MappingRegistry (AbstractHandlerMethodMapping.java:527) - Mapped "{[/index]}" onto public java.lang.String io.itaiit.portal.controller.PageController.ShowIndex()
2019-11-23 10:08:58,993 [localhost-startStop-1] INFO  web.servlet.mvc.method.annotation.RequestMappingHandlerAdapter (RequestMappingHandlerAdapter.java:532) - Looking for @ControllerAdvice: WebApplicationContext for namespace 'dispatcherServlet-servlet': startup date [Sat Nov 23 10:08:55 CST 2019]; root of context hierarchy
2019-11-23 10:08:59,115 [localhost-startStop-1] INFO  web.servlet.mvc.method.annotation.RequestMappingHandlerAdapter (RequestMappingHandlerAdapter.java:532) - Looking for @ControllerAdvice: WebApplicationContext for namespace 'dispatcherServlet-servlet': startup date [Sat Nov 23 10:08:55 CST 2019]; root of context hierarchy
2019-11-23 10:08:59,339 [localhost-startStop-1] INFO  org.springframework.web.servlet.FrameworkServlet (FrameworkServlet.java:508) - FrameworkServlet 'dispatcherServlet': initialization completed in 3385 ms
2019-11-23 10:09:09,256 [http-bio-8082-exec-1] WARN  org.springframework.web.servlet.DispatcherServlet (DispatcherServlet.java:1136) - No mapping found for HTTP request with URI [/] in DispatcherServlet with name 'dispatcherServlet'
2019-11-23 10:09:09,351 [http-bio-8082-exec-2] WARN  org.springframework.web.servlet.DispatcherServlet (DispatcherServlet.java:1136) - No mapping found for HTTP request with URI [/favicon.ico] in DispatcherServlet with name 'dispatcherServlet'
2019-11-23 10:09:22,361 [http-bio-8082-exec-4] WARN  org.springframework.web.servlet.DispatcherServlet (DispatcherServlet.java:1136) - No mapping found for HTTP request with URI [/css/taotao.css] in DispatcherServlet with name 'dispatcherServlet'
2019-11-23 10:09:22,369 [http-bio-8082-exec-6] WARN  org.springframework.web.servlet.DispatcherServlet (DispatcherServlet.java:1136) - No mapping found for HTTP request with URI [/images/taotao-logo.gif] in DispatcherServlet with name 'dispatcherServlet'
2019-11-23 10:09:22,376 [http-bio-8082-exec-5] WARN  org.springframework.web.servlet.DispatcherServlet (DispatcherServlet.java:1136) - No mapping found for HTTP request with URI [/js/base-v1.js] in DispatcherServlet with name 'dispatcherServlet'
2019-11-23 10:09:22,530 [http-bio-8082-exec-8] WARN  org.springframework.web.servlet.DispatcherServlet (DispatcherServlet.java:1136) - No mapping found for HTTP request with URI [/images/taotao-logo.gif] in DispatcherServlet with name 'dispatcherServlet'
2019-11-23 10:09:22,752 [http-bio-8082-exec-7] WARN  org.springframework.web.servlet.DispatcherServlet (DispatcherServlet.java:1136) - No mapping found for HTTP request with URI [/js/jquery-1.6.4.js] in DispatcherServlet with name 'dispatcherServlet'
2019-11-23 10:09:22,753 [http-bio-8082-exec-9] WARN  org.springframework.web.servlet.DispatcherServlet (DispatcherServlet.java:1136) - No mapping found for HTTP request with URI [/js/jquery-extend.js] in DispatcherServlet with name 'dispatcherServlet'
2019-11-23 10:09:22,753 [http-bio-8082-exec-10] WARN  org.springframework.web.servlet.DispatcherServlet (DispatcherServlet.java:1136) - No mapping found for HTTP request with URI [/js/lib-v1.js] in DispatcherServlet with name 'dispatcherServlet'
2019-11-23 10:09:22,759 [http-bio-8082-exec-7] WARN  org.springframework.web.servlet.DispatcherServlet (DispatcherServlet.java:1136) - No mapping found for HTTP request with URI [/js/taotao.js] in DispatcherServlet with name 'dispatcherServlet'
2019-11-23 10:09:22,761 [http-bio-8082-exec-10] WARN  org.springframework.web.servlet.DispatcherServlet (DispatcherServlet.java:1136) - No mapping found for HTTP request with URI [/js/home.js] in DispatcherServlet with name 'dispatcherServlet'
2019-11-23 10:09:22,777 [http-bio-8082-exec-9] WARN  org.springframework.web.servlet.DispatcherServlet (DispatcherServlet.java:1136) - No mapping found for HTTP request with URI [/js/jquery-extend.js] in DispatcherServlet with name 'dispatcherServlet'
2019-11-23 10:09:22,798 [http-bio-8082-exec-7] WARN  org.springframework.web.servlet.DispatcherServlet (DispatcherServlet.java:1136) - No mapping found for HTTP request with URI [/js/lib-v1.js] in DispatcherServlet with name 'dispatcherServlet'
2019-11-23 10:09:22,805 [http-bio-8082-exec-10] WARN  org.springframework.web.servlet.DispatcherServlet (DispatcherServlet.java:1136) - No mapping found for HTTP request with URI [/js/taotao.js] in DispatcherServlet with name 'dispatcherServlet'
2019-11-23 10:09:22,811 [http-bio-8082-exec-9] WARN  org.springframework.web.servlet.DispatcherServlet (DispatcherServlet.java:1136) - No mapping found for HTTP request with URI [/js/home.js] in DispatcherServlet with name 'dispatcherServlet'
2019-11-23 10:09:26,550 [http-bio-8082-exec-7] WARN  org.springframework.web.servlet.DispatcherServlet (DispatcherServlet.java:1136) - No mapping found for HTTP request with URI [/css/taotao.css] in DispatcherServlet with name 'dispatcherServlet'
2019-11-23 10:09:26,550 [http-bio-8082-exec-10] WARN  org.springframework.web.servlet.DispatcherServlet (DispatcherServlet.java:1136) - No mapping found for HTTP request with URI [/js/base-v1.js] in DispatcherServlet with name 'dispatcherServlet'
2019-11-23 10:09:26,553 [http-bio-8082-exec-9] WARN  org.springframework.web.servlet.DispatcherServlet (DispatcherServlet.java:1136) - No mapping found for HTTP request with URI [/images/taotao-logo.gif] in DispatcherServlet with name 'dispatcherServlet'
2019-11-23 10:09:26,559 [http-bio-8082-exec-7] WARN  org.springframework.web.servlet.DispatcherServlet (DispatcherServlet.java:1136) - No mapping found for HTTP request with URI [/js/jquery-1.6.4.js] in DispatcherServlet with name 'dispatcherServlet'
2019-11-23 10:09:26,559 [http-bio-8082-exec-10] WARN  org.springframework.web.servlet.DispatcherServlet (DispatcherServlet.java:1136) - No mapping found for HTTP request with URI [/js/jquery-extend.js] in DispatcherServlet with name 'dispatcherServlet'
2019-11-23 10:09:26,565 [http-bio-8082-exec-9] WARN  org.springframework.web.servlet.DispatcherServlet (DispatcherServlet.java:1136) - No mapping found for HTTP request with URI [/js/lib-v1.js] in DispatcherServlet with name 'dispatcherServlet'
2019-11-23 10:09:26,578 [http-bio-8082-exec-10] WARN  org.springframework.web.servlet.DispatcherServlet (DispatcherServlet.java:1136) - No mapping found for HTTP request with URI [/js/taotao.js] in DispatcherServlet with name 'dispatcherServlet'
2019-11-23 10:09:26,586 [http-bio-8082-exec-7] WARN  org.springframework.web.servlet.DispatcherServlet (DispatcherServlet.java:1136) - No mapping found for HTTP request with URI [/js/home.js] in DispatcherServlet with name 'dispatcherServlet'
2019-11-23 10:09:26,596 [http-bio-8082-exec-9] WARN  org.springframework.web.servlet.DispatcherServlet (DispatcherServlet.java:1136) - No mapping found for HTTP request with URI [/js/base-v1.js] in DispatcherServlet with name 'dispatcherServlet'
2019-11-23 10:09:26,630 [http-bio-8082-exec-10] WARN  org.springframework.web.servlet.DispatcherServlet (DispatcherServlet.java:1136) - No mapping found for HTTP request with URI [/images/taotao-logo.gif] in DispatcherServlet with name 'dispatcherServlet'
2019-11-23 10:09:26,694 [http-bio-8082-exec-7] WARN  org.springframework.web.servlet.DispatcherServlet (DispatcherServlet.java:1136) - No mapping found for HTTP request with URI [/js/jquery-1.6.4.js] in DispatcherServlet with name 'dispatcherServlet'
2019-11-23 10:09:26,784 [http-bio-8082-exec-9] WARN  org.springframework.web.servlet.DispatcherServlet (DispatcherServlet.java:1136) - No mapping found for HTTP request with URI [/js/jquery-extend.js] in DispatcherServlet with name 'dispatcherServlet'
2019-11-23 10:09:26,796 [http-bio-8082-exec-10] WARN  org.springframework.web.servlet.DispatcherServlet (DispatcherServlet.java:1136) - No mapping found for HTTP request with URI [/js/lib-v1.js] in DispatcherServlet with name 'dispatcherServlet'
2019-11-23 10:09:26,805 [http-bio-8082-exec-7] WARN  org.springframework.web.servlet.DispatcherServlet (DispatcherServlet.java:1136) - No mapping found for HTTP request with URI [/js/taotao.js] in DispatcherServlet with name 'dispatcherServlet'
2019-11-23 10:09:26,812 [http-bio-8082-exec-9] WARN  org.springframework.web.servlet.DispatcherServlet (DispatcherServlet.java:1136) - No mapping found for HTTP request with URI [/js/home.js] in DispatcherServlet with name 'dispatcherServlet'
2019-11-23 10:11:15,998 [localhost-startStop-1] INFO  org.springframework.web.servlet.FrameworkServlet (FrameworkServlet.java:489) - FrameworkServlet 'dispatcherServlet': initialization started
2019-11-23 10:11:16,067 [localhost-startStop-1] INFO  org.springframework.context.support.AbstractApplicationContext (AbstractApplicationContext.java:578) - Refreshing WebApplicationContext for namespace 'dispatcherServlet-servlet': startup date [Sat Nov 23 10:11:16 CST 2019]; root of context hierarchy
2019-11-23 10:11:16,191 [localhost-startStop-1] INFO  org.springframework.beans.factory.xml.XmlBeanDefinitionReader (XmlBeanDefinitionReader.java:317) - Loading XML bean definitions from class path resource [spring/springmvc.xml]
2019-11-23 10:11:19,348 [localhost-startStop-1] INFO  ? (?:?) - using logger: com.alibaba.dubbo.common.logger.log4j.Log4jLoggerAdapter
2019-11-23 10:11:19,581 [localhost-startStop-1] INFO  org.springframework.core.io.support.PropertiesLoaderSupport (PropertiesLoaderSupport.java:172) - Loading properties file from class path resource [resource/resource.properties]
2019-11-23 10:11:19,587 [localhost-startStop-1] INFO  org.springframework.beans.factory.annotation.AutowiredAnnotationBeanPostProcessor (AutowiredAnnotationBeanPostProcessor.java:153) - JSR-330 'javax.inject.Inject' annotation found and supported for autowiring
2019-11-23 10:11:19,906 [localhost-startStop-1] INFO  org.springframework.web.servlet.handler.AbstractHandlerMethodMapping$MappingRegistry (AbstractHandlerMethodMapping.java:527) - Mapped "{[/index]}" onto public java.lang.String io.itaiit.portal.controller.PageController.ShowIndex()
2019-11-23 10:11:20,439 [localhost-startStop-1] INFO  web.servlet.mvc.method.annotation.RequestMappingHandlerAdapter (RequestMappingHandlerAdapter.java:532) - Looking for @ControllerAdvice: WebApplicationContext for namespace 'dispatcherServlet-servlet': startup date [Sat Nov 23 10:11:16 CST 2019]; root of context hierarchy
2019-11-23 10:11:20,510 [localhost-startStop-1] INFO  web.servlet.mvc.method.annotation.RequestMappingHandlerAdapter (RequestMappingHandlerAdapter.java:532) - Looking for @ControllerAdvice: WebApplicationContext for namespace 'dispatcherServlet-servlet': startup date [Sat Nov 23 10:11:16 CST 2019]; root of context hierarchy
2019-11-23 10:11:20,772 [localhost-startStop-1] INFO  org.springframework.web.servlet.FrameworkServlet (FrameworkServlet.java:508) - FrameworkServlet 'dispatcherServlet': initialization completed in 4770 ms
2019-11-23 10:17:59,085 [localhost-startStop-1] INFO  org.springframework.web.servlet.FrameworkServlet (FrameworkServlet.java:489) - FrameworkServlet 'dispatcherServlet': initialization started
2019-11-23 10:17:59,118 [localhost-startStop-1] INFO  org.springframework.context.support.AbstractApplicationContext (AbstractApplicationContext.java:578) - Refreshing WebApplicationContext for namespace 'dispatcherServlet-servlet': startup date [Sat Nov 23 10:17:59 CST 2019]; root of context hierarchy
2019-11-23 10:17:59,175 [localhost-startStop-1] INFO  org.springframework.beans.factory.xml.XmlBeanDefinitionReader (XmlBeanDefinitionReader.java:317) - Loading XML bean definitions from class path resource [spring/springmvc.xml]
2019-11-23 10:18:02,237 [localhost-startStop-1] INFO  ? (?:?) - using logger: com.alibaba.dubbo.common.logger.log4j.Log4jLoggerAdapter
2019-11-23 10:18:02,363 [localhost-startStop-1] INFO  org.springframework.core.io.support.PropertiesLoaderSupport (PropertiesLoaderSupport.java:172) - Loading properties file from class path resource [resource/resource.properties]
2019-11-23 10:18:02,369 [localhost-startStop-1] INFO  org.springframework.beans.factory.annotation.AutowiredAnnotationBeanPostProcessor (AutowiredAnnotationBeanPostProcessor.java:153) - JSR-330 'javax.inject.Inject' annotation found and supported for autowiring
2019-11-23 10:18:02,570 [localhost-startStop-1] INFO  org.springframework.web.servlet.handler.AbstractHandlerMethodMapping$MappingRegistry (AbstractHandlerMethodMapping.java:527) - Mapped "{[/index]}" onto public java.lang.String io.itaiit.portal.controller.PageController.ShowIndex()
2019-11-23 10:18:02,901 [localhost-startStop-1] INFO  web.servlet.mvc.method.annotation.RequestMappingHandlerAdapter (RequestMappingHandlerAdapter.java:532) - Looking for @ControllerAdvice: WebApplicationContext for namespace 'dispatcherServlet-servlet': startup date [Sat Nov 23 10:17:59 CST 2019]; root of context hierarchy
2019-11-23 10:18:02,999 [localhost-startStop-1] INFO  web.servlet.mvc.method.annotation.RequestMappingHandlerAdapter (RequestMappingHandlerAdapter.java:532) - Looking for @ControllerAdvice: WebApplicationContext for namespace 'dispatcherServlet-servlet': startup date [Sat Nov 23 10:17:59 CST 2019]; root of context hierarchy
2019-11-23 10:18:03,404 [localhost-startStop-1] INFO  org.springframework.web.servlet.FrameworkServlet (FrameworkServlet.java:508) - FrameworkServlet 'dispatcherServlet': initialization completed in 4316 ms
2019-11-23 10:21:05,096 [localhost-startStop-1] INFO  org.springframework.web.servlet.FrameworkServlet (FrameworkServlet.java:489) - FrameworkServlet 'dispatcherServlet': initialization started
2019-11-23 10:21:05,141 [localhost-startStop-1] INFO  org.springframework.context.support.AbstractApplicationContext (AbstractApplicationContext.java:578) - Refreshing WebApplicationContext for namespace 'dispatcherServlet-servlet': startup date [Sat Nov 23 10:21:05 CST 2019]; root of context hierarchy
2019-11-23 10:21:05,336 [localhost-startStop-1] INFO  org.springframework.beans.factory.xml.XmlBeanDefinitionReader (XmlBeanDefinitionReader.java:317) - Loading XML bean definitions from class path resource [spring/springmvc.xml]
2019-11-23 10:21:09,809 [localhost-startStop-1] INFO  ? (?:?) - using logger: com.alibaba.dubbo.common.logger.log4j.Log4jLoggerAdapter
2019-11-23 10:21:09,969 [localhost-startStop-1] INFO  org.springframework.core.io.support.PropertiesLoaderSupport (PropertiesLoaderSupport.java:172) - Loading properties file from class path resource [resource/resource.properties]
2019-11-23 10:21:09,975 [localhost-startStop-1] INFO  org.springframework.beans.factory.annotation.AutowiredAnnotationBeanPostProcessor (AutowiredAnnotationBeanPostProcessor.java:153) - JSR-330 'javax.inject.Inject' annotation found and supported for autowiring
2019-11-23 10:21:10,206 [localhost-startStop-1] INFO  org.springframework.web.servlet.handler.AbstractHandlerMethodMapping$MappingRegistry (AbstractHandlerMethodMapping.java:527) - Mapped "{[/index]}" onto public java.lang.String io.itaiit.portal.controller.PageController.ShowIndex()
2019-11-23 10:21:10,588 [localhost-startStop-1] INFO  web.servlet.mvc.method.annotation.RequestMappingHandlerAdapter (RequestMappingHandlerAdapter.java:532) - Looking for @ControllerAdvice: WebApplicationContext for namespace 'dispatcherServlet-servlet': startup date [Sat Nov 23 10:21:05 CST 2019]; root of context hierarchy
2019-11-23 10:21:10,662 [localhost-startStop-1] INFO  web.servlet.mvc.method.annotation.RequestMappingHandlerAdapter (RequestMappingHandlerAdapter.java:532) - Looking for @ControllerAdvice: WebApplicationContext for namespace 'dispatcherServlet-servlet': startup date [Sat Nov 23 10:21:05 CST 2019]; root of context hierarchy
2019-11-23 10:21:10,906 [localhost-startStop-1] INFO  org.springframework.web.servlet.FrameworkServlet (FrameworkServlet.java:508) - FrameworkServlet 'dispatcherServlet': initialization completed in 5803 ms
2019-11-23 10:22:18,829 [localhost-startStop-1] INFO  org.springframework.web.servlet.FrameworkServlet (FrameworkServlet.java:489) - FrameworkServlet 'dispatcherServlet': initialization started
2019-11-23 10:22:18,862 [localhost-startStop-1] INFO  org.springframework.context.support.AbstractApplicationContext (AbstractApplicationContext.java:578) - Refreshing WebApplicationContext for namespace 'dispatcherServlet-servlet': startup date [Sat Nov 23 10:22:18 CST 2019]; root of context hierarchy
2019-11-23 10:22:18,917 [localhost-startStop-1] INFO  org.springframework.beans.factory.xml.XmlBeanDefinitionReader (XmlBeanDefinitionReader.java:317) - Loading XML bean definitions from class path resource [spring/springmvc.xml]
2019-11-23 10:22:21,828 [localhost-startStop-1] INFO  ? (?:?) - using logger: com.alibaba.dubbo.common.logger.log4j.Log4jLoggerAdapter
2019-11-23 10:22:21,954 [localhost-startStop-1] INFO  org.springframework.core.io.support.PropertiesLoaderSupport (PropertiesLoaderSupport.java:172) - Loading properties file from class path resource [resource/resource.properties]
2019-11-23 10:22:21,960 [localhost-startStop-1] INFO  org.springframework.beans.factory.annotation.AutowiredAnnotationBeanPostProcessor (AutowiredAnnotationBeanPostProcessor.java:153) - JSR-330 'javax.inject.Inject' annotation found and supported for autowiring
2019-11-23 10:22:22,163 [localhost-startStop-1] INFO  org.springframework.web.servlet.handler.AbstractHandlerMethodMapping$MappingRegistry (AbstractHandlerMethodMapping.java:527) - Mapped "{[/index]}" onto public java.lang.String io.itaiit.portal.controller.PageController.ShowIndex()
2019-11-23 10:22:22,498 [localhost-startStop-1] INFO  web.servlet.mvc.method.annotation.RequestMappingHandlerAdapter (RequestMappingHandlerAdapter.java:532) - Looking for @ControllerAdvice: WebApplicationContext for namespace 'dispatcherServlet-servlet': startup date [Sat Nov 23 10:22:18 CST 2019]; root of context hierarchy
2019-11-23 10:22:22,564 [localhost-startStop-1] INFO  web.servlet.mvc.method.annotation.RequestMappingHandlerAdapter (RequestMappingHandlerAdapter.java:532) - Looking for @ControllerAdvice: WebApplicationContext for namespace 'dispatcherServlet-servlet': startup date [Sat Nov 23 10:22:18 CST 2019]; root of context hierarchy
2019-11-23 10:22:22,740 [localhost-startStop-1] INFO  org.springframework.web.servlet.FrameworkServlet (FrameworkServlet.java:508) - FrameworkServlet 'dispatcherServlet': initialization completed in 3908 ms
2019-11-23 10:22:54,463 [localhost-startStop-1] INFO  org.springframework.web.servlet.FrameworkServlet (FrameworkServlet.java:489) - FrameworkServlet 'dispatcherServlet': initialization started
2019-11-23 10:22:54,524 [localhost-startStop-1] INFO  org.springframework.context.support.AbstractApplicationContext (AbstractApplicationContext.java:578) - Refreshing WebApplicationContext for namespace 'dispatcherServlet-servlet': startup date [Sat Nov 23 10:22:54 CST 2019]; root of context hierarchy
2019-11-23 10:22:54,603 [localhost-startStop-1] INFO  org.springframework.beans.factory.xml.XmlBeanDefinitionReader (XmlBeanDefinitionReader.java:317) - Loading XML bean definitions from class path resource [spring/springmvc.xml]
2019-11-23 10:22:58,197 [localhost-startStop-1] INFO  ? (?:?) - using logger: com.alibaba.dubbo.common.logger.log4j.Log4jLoggerAdapter
2019-11-23 10:22:58,326 [localhost-startStop-1] INFO  org.springframework.core.io.support.PropertiesLoaderSupport (PropertiesLoaderSupport.java:172) - Loading properties file from class path resource [resource/resource.properties]
2019-11-23 10:22:58,332 [localhost-startStop-1] INFO  org.springframework.beans.factory.annotation.AutowiredAnnotationBeanPostProcessor (AutowiredAnnotationBeanPostProcessor.java:153) - JSR-330 'javax.inject.Inject' annotation found and supported for autowiring
2019-11-23 10:22:58,543 [localhost-startStop-1] INFO  org.springframework.web.servlet.handler.AbstractHandlerMethodMapping$MappingRegistry (AbstractHandlerMethodMapping.java:527) - Mapped "{[/index]}" onto public java.lang.String io.itaiit.portal.controller.PageController.ShowIndex()
2019-11-23 10:22:58,877 [localhost-startStop-1] INFO  web.servlet.mvc.method.annotation.RequestMappingHandlerAdapter (RequestMappingHandlerAdapter.java:532) - Looking for @ControllerAdvice: WebApplicationContext for namespace 'dispatcherServlet-servlet': startup date [Sat Nov 23 10:22:54 CST 2019]; root of context hierarchy
2019-11-23 10:22:58,930 [localhost-startStop-1] INFO  web.servlet.mvc.method.annotation.RequestMappingHandlerAdapter (RequestMappingHandlerAdapter.java:532) - Looking for @ControllerAdvice: WebApplicationContext for namespace 'dispatcherServlet-servlet': startup date [Sat Nov 23 10:22:54 CST 2019]; root of context hierarchy
2019-11-23 10:22:59,078 [localhost-startStop-1] INFO  org.springframework.web.servlet.FrameworkServlet (FrameworkServlet.java:508) - FrameworkServlet 'dispatcherServlet': initialization completed in 4595 ms
2019-11-23 10:32:40,777 [http-bio-8082-exec-3] WARN  org.springframework.web.servlet.DispatcherServlet (DispatcherServlet.java:1136) - No mapping found for HTTP request with URI [/cart/cart.html] in DispatcherServlet with name 'dispatcherServlet'
2019-11-23 13:25:37,799 [localhost-startStop-1] INFO  org.springframework.web.servlet.FrameworkServlet (FrameworkServlet.java:489) - FrameworkServlet 'dispatcherServlet': initialization started
2019-11-23 13:25:38,023 [localhost-startStop-1] INFO  org.springframework.context.support.AbstractApplicationContext (AbstractApplicationContext.java:578) - Refreshing WebApplicationContext for namespace 'dispatcherServlet-servlet': startup date [Sat Nov 23 13:25:38 CST 2019]; root of context hierarchy
2019-11-23 13:25:38,100 [localhost-startStop-1] INFO  org.springframework.beans.factory.xml.XmlBeanDefinitionReader (XmlBeanDefinitionReader.java:317) - Loading XML bean definitions from class path resource [spring/springmvc.xml]
2019-11-23 13:25:41,693 [localhost-startStop-1] INFO  ? (?:?) - using logger: com.alibaba.dubbo.common.logger.log4j.Log4jLoggerAdapter
2019-11-23 13:25:41,880 [localhost-startStop-1] INFO  org.springframework.core.io.support.PropertiesLoaderSupport (PropertiesLoaderSupport.java:172) - Loading properties file from class path resource [resource/resource.properties]
2019-11-23 13:25:41,888 [localhost-startStop-1] INFO  org.springframework.beans.factory.annotation.AutowiredAnnotationBeanPostProcessor (AutowiredAnnotationBeanPostProcessor.java:153) - JSR-330 'javax.inject.Inject' annotation found and supported for autowiring
2019-11-23 13:25:42,286 [localhost-startStop-1] INFO  org.springframework.web.servlet.handler.AbstractHandlerMethodMapping$MappingRegistry (AbstractHandlerMethodMapping.java:527) - Mapped "{[/index]}" onto public java.lang.String io.itaiit.portal.controller.PageController.ShowIndex()
2019-11-23 13:25:42,670 [localhost-startStop-1] INFO  web.servlet.mvc.method.annotation.RequestMappingHandlerAdapter (RequestMappingHandlerAdapter.java:532) - Looking for @ControllerAdvice: WebApplicationContext for namespace 'dispatcherServlet-servlet': startup date [Sat Nov 23 13:25:38 CST 2019]; root of context hierarchy
2019-11-23 13:25:42,722 [localhost-startStop-1] INFO  web.servlet.mvc.method.annotation.RequestMappingHandlerAdapter (RequestMappingHandlerAdapter.java:532) - Looking for @ControllerAdvice: WebApplicationContext for namespace 'dispatcherServlet-servlet': startup date [Sat Nov 23 13:25:38 CST 2019]; root of context hierarchy
2019-11-23 13:25:42,921 [localhost-startStop-1] INFO  org.springframework.web.servlet.FrameworkServlet (FrameworkServlet.java:508) - FrameworkServlet 'dispatcherServlet': initialization completed in 5118 ms
